2025-04-27T12:40:29.381+03:00  INFO 16876 --- [fiipractic] [main] com.fiipractic.FiipracticApplication     : Starting FiipracticApplication using Java 21.0.6 with PID 16876 (C:\Users\Vlad\Desktop\spring nou\git\fiipractic-spring\fiipractic\target\classes started by Vlad in C:\Users\Vlad\Desktop\spring nou\git\fiipractic-spring\fiipractic)
2025-04-27T12:40:29.385+03:00  INFO 16876 --- [fiipractic] [main] com.fiipractic.FiipracticApplication     : No active profile set, falling back to 1 default profile: "default"
2025-04-27T12:40:30.151+03:00  INFO 16876 --- [fiipractic] [main] .s.d.r.c.RepositoryConfigurationDelegate : Bootstrapping Spring Data JPA repositories in DEFAULT mode.
2025-04-27T12:40:30.206+03:00  INFO 16876 --- [fiipractic] [main] .s.d.r.c.RepositoryConfigurationDelegate : Finished Spring Data repository scanning in 48 ms. Found 3 JPA repository interfaces.
2025-04-27T12:40:30.870+03:00  INFO 16876 --- [fiipractic] [main] o.s.b.w.embedded.tomcat.TomcatWebServer  : Tomcat initialized with port 8081 (http)
2025-04-27T12:40:30.883+03:00  INFO 16876 --- [fiipractic] [main] o.apache.catalina.core.StandardService   : Starting service [Tomcat]
2025-04-27T12:40:30.883+03:00  INFO 16876 --- [fiipractic] [main] o.apache.catalina.core.StandardEngine    : Starting Servlet engine: [Apache Tomcat/10.1.39]
2025-04-27T12:40:30.940+03:00  INFO 16876 --- [fiipractic] [main] o.a.c.c.C.[Tomcat].[localhost].[/]       : Initializing Spring embedded WebApplicationContext
2025-04-27T12:40:30.940+03:00  INFO 16876 --- [fiipractic] [main] w.s.c.ServletWebServerApplicationContext : Root WebApplicationContext: initialization completed in 1515 ms
2025-04-27T12:40:31.131+03:00  INFO 16876 --- [fiipractic] [main] o.hibernate.jpa.internal.util.LogHelper  : HHH000204: Processing PersistenceUnitInfo [name: default]
2025-04-27T12:40:31.203+03:00  INFO 16876 --- [fiipractic] [main] org.hibernate.Version                    : HHH000412: Hibernate ORM core version 6.6.11.Final
2025-04-27T12:40:31.243+03:00  INFO 16876 --- [fiipractic] [main] o.h.c.internal.RegionFactoryInitiator    : HHH000026: Second-level cache disabled
2025-04-27T12:40:31.515+03:00  INFO 16876 --- [fiipractic] [main] o.s.o.j.p.SpringPersistenceUnitInfo      : No LoadTimeWeaver setup: ignoring JPA class transformer
2025-04-27T12:40:31.545+03:00  INFO 16876 --- [fiipractic] [main] com.zaxxer.hikari.HikariDataSource       : HikariPool-1 - Starting...
2025-04-27T12:40:31.900+03:00  INFO 16876 --- [fiipractic] [main] com.zaxxer.hikari.pool.HikariPool        : HikariPool-1 - Added connection com.mysql.cj.jdbc.ConnectionImpl@21c99abf
2025-04-27T12:40:31.901+03:00  INFO 16876 --- [fiipractic] [main] com.zaxxer.hikari.HikariDataSource       : HikariPool-1 - Start completed.
2025-04-27T12:40:31.985+03:00  INFO 16876 --- [fiipractic] [main] org.hibernate.orm.connections.pooling    : HHH10001005: Database info:
	Database JDBC URL [Connecting through datasource 'HikariDataSource (HikariPool-1)']
	Database driver: undefined/unknown
	Database version: 9.2
	Autocommit mode: undefined/unknown
	Isolation level: undefined/unknown
	Minimum pool size: undefined/unknown
	Maximum pool size: undefined/unknown
2025-04-27T12:40:32.881+03:00  INFO 16876 --- [fiipractic] [main] o.h.e.t.j.p.i.JtaPlatformInitiator       : HHH000489: No JTA platform available (set 'hibernate.transaction.jta.platform' to enable JTA platform integration)
2025-04-27T12:40:32.967+03:00  INFO 16876 --- [fiipractic] [main] j.LocalContainerEntityManagerFactoryBean : Initialized JPA EntityManagerFactory for persistence unit 'default'
2025-04-27T12:40:33.368+03:00  INFO 16876 --- [fiipractic] [main] o.s.d.j.r.query.QueryEnhancerFactory     : Hibernate is in classpath; If applicable, HQL parser will be used.
2025-04-27T12:40:33.929+03:00  WARN 16876 --- [fiipractic] [main] JpaBaseConfiguration$JpaWebConfiguration : spring.jpa.open-in-view is enabled by default. Therefore, database queries may be performed during view rendering. Explicitly configure spring.jpa.open-in-view to disable this warning
2025-04-27T12:40:33.957+03:00  INFO 16876 --- [fiipractic] [main] r$InitializeUserDetailsManagerConfigurer : Global AuthenticationManager configured with UserDetailsService bean with name userService
2025-04-27T12:40:34.642+03:00  INFO 16876 --- [fiipractic] [main] o.s.b.w.embedded.tomcat.TomcatWebServer  : Tomcat started on port 8081 (http) with context path '/'
2025-04-27T12:40:34.649+03:00  INFO 16876 --- [fiipractic] [main] com.fiipractic.FiipracticApplication     : Started FiipracticApplication in 5.677 seconds (process running for 6.82)
2025-04-27T14:06:45.126+03:00  INFO 16876 --- [fiipractic] [SpringApplicationShutdownHook] o.s.b.w.e.tomcat.GracefulShutdown        : Commencing graceful shutdown. Waiting for active requests to complete
2025-04-27T14:06:45.137+03:00  INFO 16876 --- [fiipractic] [tomcat-shutdown] o.s.b.w.e.tomcat.GracefulShutdown        : Graceful shutdown complete
2025-04-27T14:06:45.145+03:00  INFO 16876 --- [fiipractic] [SpringApplicationShutdownHook] j.LocalContainerEntityManagerFactoryBean : Closing JPA EntityManagerFactory for persistence unit 'default'
2025-04-27T14:06:45.152+03:00  INFO 16876 --- [fiipractic] [SpringApplicationShutdownHook] com.zaxxer.hikari.HikariDataSource       : HikariPool-1 - Shutdown initiated...
2025-04-27T14:06:45.163+03:00  INFO 16876 --- [fiipractic] [SpringApplicationShutdownHook] com.zaxxer.hikari.HikariDataSource       : HikariPool-1 - Shutdown completed.
